\BOOKMARK [0][-]{chapter.1}{Einleitung}{}% 1
\BOOKMARK [0][-]{chapter.2}{Grundlagen}{}% 2
\BOOKMARK [1][-]{section.2.1}{Industrie 4.0 Konzept}{chapter.2}% 3
\BOOKMARK [2][-]{subsection.2.1.1}{Stand der IT-Sicherheit in industriellen Produktionsnetzwerken}{section.2.1}% 4
\BOOKMARK [2][-]{subsection.2.1.2}{Forschungsgebiete der IT-Sicherheit}{section.2.1}% 5
\BOOKMARK [1][-]{section.2.2}{IT Security Schutzziele}{chapter.2}% 6
\BOOKMARK [1][-]{section.2.3}{Risiko Management}{chapter.2}% 7
\BOOKMARK [1][-]{section.2.4}{Security Information and Event Management}{chapter.2}% 8
\BOOKMARK [2][-]{subsection.2.4.1}{SIEM Konzept und Zweck}{section.2.4}% 9
\BOOKMARK [2][-]{subsection.2.4.2}{SIM \040Log Management}{section.2.4}% 10
\BOOKMARK [2][-]{subsection.2.4.3}{Kollektoren}{section.2.4}% 11
\BOOKMARK [2][-]{subsection.2.4.4}{Event Verarbeitung}{section.2.4}% 12
\BOOKMARK [2][-]{subsection.2.4.5}{Security Event Management}{section.2.4}% 13
\BOOKMARK [2][-]{subsection.2.4.6}{Features \046 Gemeinsamkeiten von SIEM-System-Anbietern}{section.2.4}% 14
\BOOKMARK [1][-]{section.2.5}{Infrastruktur Office}{chapter.2}% 15
\BOOKMARK [2][-]{subsection.2.5.1}{Ger\344te}{section.2.5}% 16
\BOOKMARK [2][-]{subsection.2.5.2}{Architekturen \046 Anforderungen}{section.2.5}% 17
\BOOKMARK [2][-]{subsection.2.5.3}{Kommunikation}{section.2.5}% 18
\BOOKMARK [2][-]{subsection.2.5.4}{Bekannte Angriffsvektoren}{section.2.5}% 19
\BOOKMARK [1][-]{section.2.6}{Infrastruktur industrielle Produktionsnetzwerke}{chapter.2}% 20
\BOOKMARK [2][-]{subsection.2.6.1}{Architektur \046 Anforderungen}{section.2.6}% 21
\BOOKMARK [2][-]{subsection.2.6.2}{Ger\344te}{section.2.6}% 22
\BOOKMARK [2][-]{subsection.2.6.3}{Kommunikationstechnologien}{section.2.6}% 23
\BOOKMARK [2][-]{subsection.2.6.4}{Kommunikationsprotokolle }{section.2.6}% 24
\BOOKMARK [2][-]{subsection.2.6.5}{Bekannte Angriffsvektoren}{section.2.6}% 25
\BOOKMARK [0][-]{chapter.3}{Analyse der Informationsquellen in einer typischen Unternehmensstruktur}{}% 26
\BOOKMARK [1][-]{section.3.1}{Verwendete Analysemethode}{chapter.3}% 27
\BOOKMARK [1][-]{section.3.2}{Beschreibung der Unternehmensarchitektur \(Model\)}{chapter.3}% 28
\BOOKMARK [1][-]{section.3.3}{Beschreibung der Systeme}{chapter.3}% 29
\BOOKMARK [2][-]{subsection.3.3.1}{Windows}{section.3.3}% 30
\BOOKMARK [2][-]{subsection.3.3.2}{Linux}{section.3.3}% 31
\BOOKMARK [2][-]{subsection.3.3.3}{Applikationen}{section.3.3}% 32
\BOOKMARK [2][-]{subsection.3.3.4}{Interaktionen der Systeme \(und Anwender\)}{section.3.3}% 33
\BOOKMARK [2][-]{subsection.3.3.5}{Netzwerkprotokolle}{section.3.3}% 34
\BOOKMARK [1][-]{section.3.4}{Analyse des Informationspools im Bezug auf Angriffsszenarien}{chapter.3}% 35
\BOOKMARK [2][-]{subsection.3.4.1}{Betrachtung der Datenmenge}{section.3.4}% 36
\BOOKMARK [2][-]{subsection.3.4.2}{Relevanz f\374r die Sicherheitsbetrachung mit Hilfe von SIEM-Systeme}{section.3.4}% 37
\BOOKMARK [0][-]{chapter.4}{Analyse der Informationsquellen in einem industriellen Produktionsnetzwerk}{}% 38
\BOOKMARK [1][-]{section.4.1}{Beschreibung der Unternehmensarchitektur \(Beispiel\)}{chapter.4}% 39
\BOOKMARK [2][-]{subsection.4.1.1}{Systeme}{section.4.1}% 40
\BOOKMARK [2][-]{subsection.4.1.2}{Kommunikationsmedien}{section.4.1}% 41
\BOOKMARK [1][-]{section.4.2}{Applikationen}{chapter.4}% 42
\BOOKMARK [2][-]{subsection.4.2.1}{WinCC \(SCADA / HMI\)}{section.4.2}% 43
\BOOKMARK [1][-]{section.4.3}{Analyse im Bezug auf typische Angriffsvektoren}{chapter.4}% 44
\BOOKMARK [2][-]{subsection.4.3.1}{Betrachtung der Datenmenge}{section.4.3}% 45
\BOOKMARK [2][-]{subsection.4.3.2}{Relevanz f\374r die Sicherheitsbetrachung mit Hilfe von SIEM-Systeme}{section.4.3}% 46
\BOOKMARK [0][-]{chapter.5}{Vergleich der Analysen}{}% 47
\BOOKMARK [1][-]{section.5.1}{Vergleichsmetrik}{chapter.5}% 48
\BOOKMARK [1][-]{section.5.2}{Vergleich}{chapter.5}% 49
\BOOKMARK [0][-]{chapter.6}{Bewertung der Informationsl\374cken}{}% 50
\BOOKMARK [1][-]{section.6.1}{Bewertungsschema}{chapter.6}% 51
\BOOKMARK [1][-]{section.6.2}{Bewertung}{chapter.6}% 52
\BOOKMARK [1][-]{section.6.3}{Beschreibung existierender wissenschaftlichen L\366sungsans\344tze}{chapter.6}% 53
\BOOKMARK [0][-]{chapter.7}{L\366sungsansatz zur Schlie\337ung der fokussierten Informationsl\374cke}{}% 54
\BOOKMARK [1][-]{section.7.1}{Tiefergehende Beschreibung der Informationsl\374cke und bestehende Abh\344ngigkeiten}{chapter.7}% 55
\BOOKMARK [1][-]{section.7.2}{Beschreibung des L\366sungsansatz}{chapter.7}% 56
\BOOKMARK [1][-]{section.7.3}{Beschreibung des Versuchsaufbaus des Beweises}{chapter.7}% 57
\BOOKMARK [1][-]{section.7.4}{Beschreibung der Ergebnisse}{chapter.7}% 58
\BOOKMARK [0][-]{chapter.8}{Fazit}{}% 59
\BOOKMARK [0][-]{appendix*.57}{Literaturverzeichnis}{}% 60
\BOOKMARK [0][-]{appendix*.58}{Abbildungsverzeichnis}{}% 61
